<?xml version="1.0" encoding="UTF-8"?>
<!-- Generated by org.testng.reporters.JUnitReportReporter -->
<testsuite hostname="leedeMacBook-Pro-2.local" name="com.h3xstream.findsecbugs.endpoint.TapestryEndpointDetectorTest" tests="3" failures="0" timestamp="14 Sep 2017 09:15:27 GMT" time="0.000" errors="0">
  <testcase name="noFalsePositiveOnOtherClass" time="0.000" classname="com.h3xstream.findsecbugs.endpoint.TapestryEndpointDetectorTest"/>
  <testcase name="detectTapestryPagePojo" time="0.000" classname="com.h3xstream.findsecbugs.endpoint.TapestryEndpointDetectorTest"/>
  <testcase name="detectTapestryPageWithFrameworkReference" time="0.000" classname="com.h3xstream.findsecbugs.endpoint.TapestryEndpointDetectorTest"/>
</testsuite> <!-- com.h3xstream.findsecbugs.endpoint.TapestryEndpointDetectorTest -->
