<?xml version="1.0" encoding="UTF-8"?>
<!-- Generated by org.testng.reporters.JUnitReportReporter -->
<testsuite hostname="leedeMacBook-Pro-2.local" name="com.h3xstream.findsecbugs.common.ByteCodeTest" tests="1" failures="0" timestamp="14 Sep 2017 09:15:27 GMT" time="0.158" errors="0">
  <testcase name="probeByteCodeDebug" time="0.158" classname="com.h3xstream.findsecbugs.common.ByteCodeTest"/>
</testsuite> <!-- com.h3xstream.findsecbugs.common.ByteCodeTest -->
