<?xml version="1.0" encoding="UTF-8"?>
<!-- Generated by org.testng.reporters.JUnitReportReporter -->
<testsuite hostname="leedeMacBook-Pro-2.local" name="com.h3xstream.findsecbugs.crypto.DesUsageDetectorTest" tests="2" failures="0" timestamp="14 Sep 2017 09:15:27 GMT" time="0.000" errors="0">
  <testcase name="detectDesCipher" time="0.000" classname="com.h3xstream.findsecbugs.crypto.DesUsageDetectorTest"/>
  <testcase name="detectDesKeyGeneration" time="0.000" classname="com.h3xstream.findsecbugs.crypto.DesUsageDetectorTest"/>
</testsuite> <!-- com.h3xstream.findsecbugs.crypto.DesUsageDetectorTest -->
