<?xml version="1.0" encoding="UTF-8"?>
<!-- Generated by org.testng.reporters.JUnitReportReporter -->
<testsuite hostname="leedeMacBook-Pro-2.local" name="com.h3xstream.findsecbugs.injection.sql.JdbcInjectionSourceTest" tests="7" failures="0" timestamp="14 Sep 2017 09:15:27 GMT" time="0.000" errors="0">
  <testcase name="detectExecuteQuery" time="0.000" classname="com.h3xstream.findsecbugs.injection.sql.JdbcInjectionSourceTest"/>
  <testcase name="detectExecutePrepareCall" time="0.000" classname="com.h3xstream.findsecbugs.injection.sql.JdbcInjectionSourceTest"/>
  <testcase name="detectBasicJdbcInjection" time="0.000" classname="com.h3xstream.findsecbugs.injection.sql.JdbcInjectionSourceTest"/>
  <testcase name="detectExecuteUpdate" time="0.000" classname="com.h3xstream.findsecbugs.injection.sql.JdbcInjectionSourceTest"/>
  <testcase name="detectExecuteExecuteLargeUpdate" time="0.000" classname="com.h3xstream.findsecbugs.injection.sql.JdbcInjectionSourceTest"/>
  <testcase name="detectNativeSqlAndOther" time="0.000" classname="com.h3xstream.findsecbugs.injection.sql.JdbcInjectionSourceTest"/>
  <testcase name="detectPrepareStatement" time="0.000" classname="com.h3xstream.findsecbugs.injection.sql.JdbcInjectionSourceTest"/>
</testsuite> <!-- com.h3xstream.findsecbugs.injection.sql.JdbcInjectionSourceTest -->
