<?xml version="1.0" encoding="UTF-8"?>
<!-- Generated by org.testng.reporters.JUnitReportReporter -->
<testsuite hostname="leedeMacBook-Pro-2.local" name="com.h3xstream.findsecbugs.password.GoogleApiKeyDetectorTest" tests="2" failures="0" timestamp="14 Sep 2017 09:15:27 GMT" time="0.000" errors="0">
  <testcase name="detectHardCodeApiKey" time="0.000" classname="com.h3xstream.findsecbugs.password.GoogleApiKeyDetectorTest"/>
  <testcase name="detectHardCodeApiKeyWithClassRename" time="0.000" classname="com.h3xstream.findsecbugs.password.GoogleApiKeyDetectorTest"/>
</testsuite> <!-- com.h3xstream.findsecbugs.password.GoogleApiKeyDetectorTest -->
