<?xml version="1.0" encoding="UTF-8"?>
<!-- Generated by org.testng.reporters.JUnitReportReporter -->
<testsuite hostname="leedeMacBook-Pro-2.local" name="com.h3xstream.findsecbugs.ReDosDetectorTest" tests="3" failures="0" timestamp="14 Sep 2017 09:15:27 GMT" time="0.001" errors="0">
  <testcase name="analyseSafePattern" time="0.001" classname="com.h3xstream.findsecbugs.ReDosDetectorTest"/>
  <testcase name="detectRedosInCode" time="0.000" classname="com.h3xstream.findsecbugs.ReDosDetectorTest"/>
  <testcase name="analyseSuspectPattern" time="0.000" classname="com.h3xstream.findsecbugs.ReDosDetectorTest"/>
</testsuite> <!-- com.h3xstream.findsecbugs.ReDosDetectorTest -->
