<?xml version="1.0" encoding="UTF-8"?>
<!-- Generated by org.testng.reporters.JUnitReportReporter -->
<testsuite hostname="leedeMacBook-Pro-2.local" name="com.h3xstream.findsecbugs.xml.XxeDetectorTest" tests="4" failures="0" timestamp="14 Sep 2017 09:15:27 GMT" time="0.001" errors="0">
  <testcase name="safeWithUseOfPrivilegeExceptionAction" time="0.000" classname="com.h3xstream.findsecbugs.xml.XxeDetectorTest"/>
  <testcase name="detectXxeFromDocumentBuilder" time="0.001" classname="com.h3xstream.findsecbugs.xml.XxeDetectorTest"/>
  <testcase name="detectXxe" time="0.000" classname="com.h3xstream.findsecbugs.xml.XxeDetectorTest"/>
  <testcase name="safeWithUseOfEntityResolver" time="0.000" classname="com.h3xstream.findsecbugs.xml.XxeDetectorTest"/>
</testsuite> <!-- com.h3xstream.findsecbugs.xml.XxeDetectorTest -->
