<?xml version="1.0" encoding="UTF-8"?>
<!-- Generated by org.testng.reporters.JUnitReportReporter -->
<testsuite hostname="leedeMacBook-Pro-2.local" name="com.h3xstream.findsecbugs.android.LocalDenialOfServiceDetectorTest" tests="1" failures="0" timestamp="14 Sep 2017 09:15:27 GMT" time="0.001" errors="0">
  <testcase name="detectDenialOfService" time="0.001" classname="com.h3xstream.findsecbugs.android.LocalDenialOfServiceDetectorTest"/>
</testsuite> <!-- com.h3xstream.findsecbugs.android.LocalDenialOfServiceDetectorTest -->
