<?xml version="1.0" encoding="UTF-8"?>
<!-- Generated by org.testng.reporters.JUnitReportReporter -->
<testsuite hostname="leedeMacBook-Pro-2.local" name="com.h3xstream.findsecbugs.cookie.CookieFlagsDetectorTest" tests="4" failures="0" timestamp="14 Sep 2017 09:15:27 GMT" time="0.001" errors="0">
  <testcase name="detectSecureFlagCookieBasic" time="0.001" classname="com.h3xstream.findsecbugs.cookie.CookieFlagsDetectorTest"/>
  <testcase name="detectHttpOnlyCookieBasic" time="0.000" classname="com.h3xstream.findsecbugs.cookie.CookieFlagsDetectorTest"/>
  <testcase name="avoidHttpOnlyBasicFalsePositive" time="0.000" classname="com.h3xstream.findsecbugs.cookie.CookieFlagsDetectorTest"/>
  <testcase name="avoidSecureFlagBasicFalsePositive" time="0.000" classname="com.h3xstream.findsecbugs.cookie.CookieFlagsDetectorTest"/>
</testsuite> <!-- com.h3xstream.findsecbugs.cookie.CookieFlagsDetectorTest -->
