<?xml version="1.0" encoding="UTF-8"?>
<!-- Generated by org.testng.reporters.JUnitReportReporter -->
<testsuite hostname="leedeMacBook-Pro-2.local" name="com.h3xstream.findsecbugs.injection.script.OgnlInjectionDetectorTest" tests="3" failures="0" timestamp="14 Sep 2017 09:15:27 GMT" time="0.000" errors="0">
  <testcase name="detectOgnlUtil" time="0.000" classname="com.h3xstream.findsecbugs.injection.script.OgnlInjectionDetectorTest"/>
  <testcase name="detectOgnlReflectionProvider" time="0.000" classname="com.h3xstream.findsecbugs.injection.script.OgnlInjectionDetectorTest"/>
  <testcase name="detectTextParser" time="0.000" classname="com.h3xstream.findsecbugs.injection.script.OgnlInjectionDetectorTest"/>
</testsuite> <!-- com.h3xstream.findsecbugs.injection.script.OgnlInjectionDetectorTest -->
