<?xml version="1.0" encoding="UTF-8"?>
<!-- Generated by org.testng.reporters.JUnitReportReporter -->
<testsuite hostname="leedeMacBook-Pro-2.local" name="com.h3xstream.findsecbugs.xml.DocumentBuilderSafePropertyTest" tests="3" failures="0" timestamp="14 Sep 2017 09:15:27 GMT" time="0.000" errors="0">
  <testcase name="detectUnsafePartialConfiguration" time="0.000" classname="com.h3xstream.findsecbugs.xml.DocumentBuilderSafePropertyTest"/>
  <testcase name="detectUnsafeNoSpecialSettings" time="0.000" classname="com.h3xstream.findsecbugs.xml.DocumentBuilderSafePropertyTest"/>
  <testcase name="avoidFalsePositiveOnSafeConfiguration" time="0.000" classname="com.h3xstream.findsecbugs.xml.DocumentBuilderSafePropertyTest"/>
</testsuite> <!-- com.h3xstream.findsecbugs.xml.DocumentBuilderSafePropertyTest -->
