<?xml version="1.0" encoding="UTF-8"?>
<!-- Generated by org.testng.reporters.JUnitReportReporter -->
<testsuite hostname="leedeMacBook-Pro-2.local" name="com.h3xstream.findsecbugs.crypto.StaticIvDetectorTest" tests="5" failures="0" timestamp="14 Sep 2017 09:15:27 GMT" time="0.000" errors="0">
  <testcase name="avoidFalsePositiveSecRandom" time="0.000" classname="com.h3xstream.findsecbugs.crypto.StaticIvDetectorTest"/>
  <testcase name="avoidFalsePositiveDecrypt" time="0.000" classname="com.h3xstream.findsecbugs.crypto.StaticIvDetectorTest"/>
  <testcase name="detectStaticIv" time="0.000" classname="com.h3xstream.findsecbugs.crypto.StaticIvDetectorTest"/>
  <testcase name="detectConstantIv" time="0.000" classname="com.h3xstream.findsecbugs.crypto.StaticIvDetectorTest"/>
  <testcase name="avoidFalsePositiveGenerateWithKeyGenerator" time="0.000" classname="com.h3xstream.findsecbugs.crypto.StaticIvDetectorTest"/>
</testsuite> <!-- com.h3xstream.findsecbugs.crypto.StaticIvDetectorTest -->
