<?xml version="1.0" encoding="UTF-8"?>
<!-- Generated by org.testng.reporters.JUnitReportReporter -->
<testsuite hostname="leedeMacBook-Pro-2.local" name="com.h3xstream.findsecbugs.injection.sql.SpringJdbcOperationsAndTemplateTest" tests="10" failures="0" timestamp="14 Sep 2017 09:15:27 GMT" time="0.000" errors="0">
  <testcase name="detectQueryInt" time="0.000" classname="com.h3xstream.findsecbugs.injection.sql.SpringJdbcOperationsAndTemplateTest"/>
  <testcase name="detectQueryForList" time="0.000" classname="com.h3xstream.findsecbugs.injection.sql.SpringJdbcOperationsAndTemplateTest"/>
  <testcase name="detectExecute" time="0.000" classname="com.h3xstream.findsecbugs.injection.sql.SpringJdbcOperationsAndTemplateTest"/>
  <testcase name="detectQuery" time="0.000" classname="com.h3xstream.findsecbugs.injection.sql.SpringJdbcOperationsAndTemplateTest"/>
  <testcase name="detectQueryForMap" time="0.000" classname="com.h3xstream.findsecbugs.injection.sql.SpringJdbcOperationsAndTemplateTest"/>
  <testcase name="detectQueryLong" time="0.000" classname="com.h3xstream.findsecbugs.injection.sql.SpringJdbcOperationsAndTemplateTest"/>
  <testcase name="detectQueryForRowSet" time="0.000" classname="com.h3xstream.findsecbugs.injection.sql.SpringJdbcOperationsAndTemplateTest"/>
  <testcase name="detectBasicSpringJdbcInjection" time="0.000" classname="com.h3xstream.findsecbugs.injection.sql.SpringJdbcOperationsAndTemplateTest"/>
  <testcase name="detectBatchUpdate" time="0.000" classname="com.h3xstream.findsecbugs.injection.sql.SpringJdbcOperationsAndTemplateTest"/>
  <testcase name="detectQueryForObject" time="0.000" classname="com.h3xstream.findsecbugs.injection.sql.SpringJdbcOperationsAndTemplateTest"/>
</testsuite> <!-- com.h3xstream.findsecbugs.injection.sql.SpringJdbcOperationsAndTemplateTest -->
