<?xml version="1.0" encoding="UTF-8"?>
<!-- Generated by org.testng.reporters.JUnitReportReporter -->
<testsuite hostname="leedeMacBook-Pro-2.local" name="com.h3xstream.findsecbugs.jsp.JspSpringEvalDetectorTest" tests="4" failures="0" timestamp="14 Sep 2017 09:15:27 GMT" time="0.000" errors="0">
  <testcase name="jspSpringEval2_unsafe" time="0.000" classname="com.h3xstream.findsecbugs.jsp.JspSpringEvalDetectorTest"/>
  <testcase name="jspSpringEval1_unsafe" time="0.000" classname="com.h3xstream.findsecbugs.jsp.JspSpringEvalDetectorTest"/>
  <testcase name="jspSpringEval4_safe" time="0.000" classname="com.h3xstream.findsecbugs.jsp.JspSpringEvalDetectorTest"/>
  <testcase name="jspSpringEval3_unsafe" time="0.000" classname="com.h3xstream.findsecbugs.jsp.JspSpringEvalDetectorTest"/>
</testsuite> <!-- com.h3xstream.findsecbugs.jsp.JspSpringEvalDetectorTest -->
